2017-01-19 12:43:54 INFO  Soma:15 - O resultado da soma: 4
2017-01-19 12:44:55 DEBUG Soma:15 - O resultado da soma: 4
2017-01-19 12:46:11 DEBUG Soma:17 - O resultado da soma: 4
2017-01-19 12:50:18 INFO  Soma:17 - O resultado da soma: 4
2017-01-19 12:51:01 INFO  Soma:18 - O resultado da soma: 4
2017-01-19 12:51:01 INFO  Soma:18 - O resultado da soma: 4
2017-01-19 12:51:01 INFO  Soma:18 - O resultado da soma: 4
2017-01-19 12:51:01 INFO  Soma:18 - O resultado da soma: 4
2017-01-19 12:51:01 INFO  Soma:18 - O resultado da soma: 4
2017-01-19 12:51:01 INFO  Soma:18 - O resultado da soma: 4
2017-01-19 12:51:01 INFO  Soma:18 - O resultado da soma: 4
2017-01-19 12:51:01 INFO  Soma:18 - O resultado da soma: 4
2017-01-19 12:51:01 INFO  Soma:18 - O resultado da soma: 4
2017-01-19 12:51:01 INFO  Soma:18 - O resultado da soma: 4
2017-01-19 12:51:17 INFO  Soma:18 - O resultado da soma: 4
2017-01-19 12:51:17 INFO  Soma:18 - O resultado da soma: 4
2017-01-19 12:51:17 INFO  Soma:18 - O resultado da soma: 4
2017-01-19 12:51:17 INFO  Soma:18 - O resultado da soma: 4
2017-01-19 12:51:17 INFO  Soma:18 - O resultado da soma: 4
2017-01-19 12:51:17 INFO  Soma:18 - O resultado da soma: 4
2017-01-19 12:51:17 INFO  Soma:18 - O resultado da soma: 4
2017-01-19 12:51:17 INFO  Soma:18 - O resultado da soma: 4
2017-01-19 12:51:17 INFO  Soma:18 - O resultado da soma: 4
2017-01-19 12:51:17 INFO  Soma:18 - O resultado da soma: 4
2017-01-19 12:51:29 INFO  Soma:18 - O resultado da soma: 4
2017-01-19 12:51:29 INFO  Soma:18 - O resultado da soma: 4
2017-01-19 12:51:29 INFO  Soma:18 - O resultado da soma: 4
2017-01-19 12:51:29 INFO  Soma:18 - O resultado da soma: 4
2017-01-19 12:51:29 INFO  Soma:18 - O resultado da soma: 4
2017-01-19 12:51:29 INFO  Soma:18 - O resultado da soma: 4
2017-01-19 12:51:29 INFO  Soma:18 - O resultado da soma: 4
2017-01-19 12:51:29 INFO  Soma:18 - O resultado da soma: 4
2017-01-19 12:51:29 INFO  Soma:18 - O resultado da soma: 4
2017-01-19 12:51:29 INFO  Soma:18 - O resultado da soma: 4
2017-01-19 12:51:35 INFO  Soma:18 - O resultado da soma: 4
2017-01-19 12:51:35 INFO  Soma:18 - O resultado da soma: 4
2017-01-19 12:51:35 INFO  Soma:18 - O resultado da soma: 4
2017-01-19 12:51:35 INFO  Soma:18 - O resultado da soma: 4
2017-01-19 12:51:35 INFO  Soma:18 - O resultado da soma: 4
2017-01-19 12:51:35 INFO  Soma:18 - O resultado da soma: 4
2017-01-19 12:51:35 INFO  Soma:18 - O resultado da soma: 4
2017-01-19 12:51:35 INFO  Soma:18 - O resultado da soma: 4
2017-01-19 12:51:35 INFO  Soma:18 - O resultado da soma: 4
2017-01-19 12:51:35 INFO  Soma:18 - O resultado da soma: 4
2017-01-19 12:52:40 ERROR Soma:22 - java.lang.NumberFormatException: For input string: "a"
19-01-2017 12:53:47 ERROR Soma:22 - java.lang.NumberFormatException: For input string: "a"
19-01-2017 12:56:04 ERROR Soma:22 - class com.deivisonprogrammer.implem_log4j.Soma : java.lang.NumberFormatException: For input string: "a"
19-01-2017 12:57:47 ERROR Soma:22 - class com.deivisonprogrammer.implem_log4j.Soma - method: soma(string, string) : java.lang.NumberFormatException: For input string: "a"
